<?xml version="1.0" encoding="UTF-8"?>
<!-- Generated by org.testng.reporters.JUnitReportReporter -->
<testsuite hostname="DESKTOP-3BVFOOV" failures="0" tests="1" name="demopackage.StreamsExample" time="0.021" errors="0" timestamp="2021-03-29T11:12:06 IST" skipped="0">
  <testcase classname="demopackage.StreamsExample" name="collectors" time="0.021"/>
  <system-out/>
</testsuite> <!-- demopackage.StreamsExample -->
