<?xml version="1.0" encoding="UTF-8"?>
<!-- Generated by org.testng.reporters.JUnitReportReporter -->
<testsuite hostname="DESKTOP-3BVFOOV" failures="0" tests="1" name="demopackage.ListUsingStreams" time="0.014" errors="0" timestamp="2021-03-29T11:37:40 IST" skipped="0">
  <testcase classname="demopackage.ListUsingStreams" name="test" time="0.014"/>
  <system-out/>
</testsuite> <!-- demopackage.ListUsingStreams -->
