<?xml version="1.0" encoding="UTF-8"?>
<!-- Generated by org.testng.reporters.JUnitReportReporter -->
<testsuite hostname="DESKTOP-3BVFOOV" failures="0" tests="1" name="demopackage.TableUsingStreams" time="3.404" errors="0" timestamp="2021-03-29T12:51:24 IST" skipped="0">
  <testcase classname="demopackage.TableUsingStreams" name="test2" time="3.404"/>
  <system-out/>
</testsuite> <!-- demopackage.TableUsingStreams -->
